<?xml version="1.0" encoding="UTF-8"?>
<testsuite name="com.example.demo.BootDemoApplicationTests" time="0.038" tests="1" errors="1" skipped="0" failures="0">
  <properties>
[...]
</properties>
  <testcase name="initializationError" classname="com.example.demo.BootDemoApplicationTests" time="0.038">
    <error message="Unable to find a @SpringBootConfiguration, you need to use @ContextConfiguration or @SpringBootTest(classes=...) with your test" type="java.lang.IllegalStateException"><![CDATA[java.lang.IllegalStateException: Unable to find a @SpringBootConfiguration, you need to use @ContextConfiguration or @SpringBootTest(classes=...) with your test
	at org.springframework.util.Assert.state(Assert.java:70)
	at org.springframework.boot.test.context.SpringBootTestContextBootstrapper.getOrFindConfigurationClasses(SpringBootTestContextBootstrapper.java:202)
	at org.springframework.boot.test.context.SpringBootTestContextBootstrapper.processMergedContextConfiguration(SpringBootTestContextBootstrapper.java:137)
	at org.springframework.test.context.support.AbstractTestContextBootstrapper.buildMergedContextConfiguration(AbstractTestContextBootstrapper.java:409)
	at org.springframework.test.context.support.AbstractTestContextBootstrapper.buildDefaultMergedContextConfiguration(AbstractTestContextBootstrapper.java:323)
	at org.springframework.test.context.support.AbstractTestContextBootstrapper.buildMergedContextConfiguration(AbstractTestContextBootstrapper.java:277)
	at org.springframework.test.context.support.AbstractTestContextBootstrapper.buildTestContext(AbstractTestContextBootstrapper.java:112)
	at org.springframework.boot.test.context.SpringBootTestContextBootstrapper.buildTestContext(SpringBootTestContextBootstrapper.java:82)
	at org.springframework.test.context.TestContextManager.<init>(TestContextManager.java:120)
	at org.springframework.test.context.TestContextManager.<init>(TestContextManager.java:105)
	at org.springframework.test.context.junit4.SpringJUnit4ClassRunner.createTestContextManager(SpringJUnit4ClassRunner.java:152)
	at org.springframework.test.context.junit4.SpringJUnit4ClassRunner.<init>(SpringJUnit4ClassRunner.java:143)
	at org.springframework.test.context.junit4.SpringRunner.<init>(SpringRunner.java:49)
	at sun.reflect.NativeConstructorAccessorImpl.newInstance0(Native Method)
	at sun.reflect.NativeConstructorAccessorImpl.newInstance(NativeConstructorAccessorImpl.java:62)
	at sun.reflect.DelegatingConstructorAccessorImpl.newInstance(DelegatingConstructorAccessorImpl.java:45)
	at java.lang.reflect.Constructor.newInstance(Constructor.java:423)
	at org.junit.internal.builders.AnnotatedBuilder.buildRunner(AnnotatedBuilder.java:104)
	at org.junit.internal.builders.AnnotatedBuilder.runnerForClass(AnnotatedBuilder.java:86)
	at org.junit.runners.model.RunnerBuilder.safeRunnerForClass(RunnerBuilder.java:59)
	at org.junit.internal.builders.AllDefaultPossibilitiesBuilder.runnerForClass(AllDefaultPossibilitiesBuilder.java:26)
	at org.junit.runners.model.RunnerBuilder.safeRunnerForClass(RunnerBuilder.java:59)
	at org.junit.internal.requests.ClassRequest.getRunner(ClassRequest.java:33)
	at org.apache.maven.surefire.junit4.JUnit4Provider.execute(JUnit4Provider.java:283)
	at org.apache.maven.surefire.junit4.JUnit4Provider.executeWithRerun(JUnit4Provider.java:173)
	at org.apache.maven.surefire.junit4.JUnit4Provider.executeTestSet(JUnit4Provider.java:153)
	at org.apache.maven.surefire.junit4.JUnit4Provider.invoke(JUnit4Provider.java:128)
	at org.apache.maven.surefire.booter.ForkedBooter.invokeProviderInSameClassLoader(ForkedBooter.java:203)
	at org.apache.maven.surefire.booter.ForkedBooter.runSuitesInProcess(ForkedBooter.java:155)
	at org.apache.maven.surefire.booter.ForkedBooter.main(ForkedBooter.java:103)
]]></error>
    <system-out><![CDATA[19:37:14.035 [main] DEBUG org.springframework.test.context.junit4.SpringJUnit4ClassRunner - SpringJUnit4ClassRunner constructor called with [class com.example.demo.BootDemoApplicationTests]
19:37:14.053 [main] DEBUG org.springframework.test.context.BootstrapUtils - Instantiating CacheAwareContextLoaderDelegate from class [org.springframework.test.context.cache.DefaultCacheAwareContextLoaderDelegate]
19:37:14.073 [main] DEBUG org.springframework.test.context.BootstrapUtils - Instantiating BootstrapContext using constructor [public org.springframework.test.context.support.DefaultBootstrapContext(java.lang.Class,org.springframework.test.context.CacheAwareContextLoaderDelegate)]
19:37:14.126 [main] DEBUG org.springframework.test.context.BootstrapUtils - Instantiating TestContextBootstrapper for test class [com.example.demo.BootDemoApplicationTests] from class [org.springframework.boot.test.context.SpringBootTestContextBootstrapper]
19:37:14.183 [main] INFO org.springframework.boot.test.context.SpringBootTestContextBootstrapper - Neither @ContextConfiguration nor @ContextHierarchy found for test class [com.example.demo.BootDemoApplicationTests], using SpringBootContextLoader
19:37:14.196 [main] DEBUG org.springframework.test.context.support.AbstractContextLoader - Did not detect default resource location for test class [com.example.demo.BootDemoApplicationTests]: class path resource [com/example/demo/BootDemoApplicationTests-context.xml] does not exist
19:37:14.197 [main] DEBUG org.springframework.test.context.support.AbstractContextLoader - Did not detect default resource location for test class [com.example.demo.BootDemoApplicationTests]: class path resource [com/example/demo/BootDemoApplicationTestsContext.groovy] does not exist
19:37:14.198 [main] INFO org.springframework.test.context.support.AbstractContextLoader - Could not detect default resource locations for test class [com.example.demo.BootDemoApplicationTests]: no resource found for suffixes {-context.xml, Context.groovy}.
19:37:14.204 [main] INFO org.springframework.test.context.support.AnnotationConfigContextLoaderUtils - Could not detect default configuration classes for test class [com.example.demo.BootDemoApplicationTests]: BootDemoApplicationTests does not declare any static, non-private, non-final, nested classes annotated with @Configuration.
19:37:14.316 [main] DEBUG org.springframework.test.context.support.ActiveProfilesUtils - Could not find an 'annotation declaring class' for annotation type [org.springframework.test.context.ActiveProfiles] and class [com.example.demo.BootDemoApplicationTests]
19:37:14.338 [main] DEBUG org.springframework.core.env.StandardEnvironment - Adding [systemProperties] PropertySource with lowest search precedence
19:37:14.340 [main] DEBUG org.springframework.core.env.StandardEnvironment - Adding [systemEnvironment] PropertySource with lowest search precedence
19:37:14.340 [main] DEBUG org.springframework.core.env.StandardEnvironment - Initialized StandardEnvironment with PropertySources [systemProperties,systemEnvironment]
19:37:14.368 [main] DEBUG org.springframework.core.io.support.PathMatchingResourcePatternResolver - Resolved classpath location [com/example/demo/] to resources [URL [file:/Users/jigarthakkar/Documents/Code/Eclipse/IBMF_AMFI/target/test-classes/com/example/demo/]]
19:37:14.369 [main] DEBUG org.springframework.core.io.support.PathMatchingResourcePatternResolver - Looking for matching resources in directory tree [/Users/jigarthakkar/Documents/Code/Eclipse/IBMF_AMFI/target/test-classes/com/example/demo]
19:37:14.370 [main] DEBUG org.springframework.core.io.support.PathMatchingResourcePatternResolver - Searching directory [/Users/jigarthakkar/Documents/Code/Eclipse/IBMF_AMFI/target/test-classes/com/example/demo] for files matching pattern [/Users/jigarthakkar/Documents/Code/Eclipse/IBMF_AMFI/target/test-classes/com/example/demo/*.class]
19:37:14.376 [main] DEBUG org.springframework.core.io.support.PathMatchingResourcePatternResolver - Resolved location pattern [classpath*:com/example/demo/*.class] to resources [file [/Users/jigarthakkar/Documents/Code/Eclipse/IBMF_AMFI/target/test-classes/com/example/demo/BootDemoApplicationTests.class]]
19:37:14.420 [main] DEBUG org.springframework.core.io.support.PathMatchingResourcePatternResolver - Resolved classpath location [com/example/] to resources [URL [file:/Users/jigarthakkar/Documents/Code/Eclipse/IBMF_AMFI/target/test-classes/com/example/]]
19:37:14.421 [main] DEBUG org.springframework.core.io.support.PathMatchingResourcePatternResolver - Looking for matching resources in directory tree [/Users/jigarthakkar/Documents/Code/Eclipse/IBMF_AMFI/target/test-classes/com/example]
19:37:14.421 [main] DEBUG org.springframework.core.io.support.PathMatchingResourcePatternResolver - Searching directory [/Users/jigarthakkar/Documents/Code/Eclipse/IBMF_AMFI/target/test-classes/com/example] for files matching pattern [/Users/jigarthakkar/Documents/Code/Eclipse/IBMF_AMFI/target/test-classes/com/example/*.class]
19:37:14.421 [main] DEBUG org.springframework.core.io.support.PathMatchingResourcePatternResolver - Resolved location pattern [classpath*:com/example/*.class] to resources []
19:37:14.423 [main] DEBUG org.springframework.core.io.support.PathMatchingResourcePatternResolver - Resolved classpath location [com/] to resources [URL [jar:file:/System/Library/Java/Extensions/MRJToolkit.jar!/com/], URL [file:/Users/jigarthakkar/Documents/Code/Eclipse/IBMF_AMFI/target/test-classes/com/], URL [file:/Users/jigarthakkar/Documents/Code/Eclipse/IBMF_AMFI/target/classes/com/], URL [jar:file:/Users/jigarthakkar/.m2/repository/com/fasterxml/classmate/1.3.3/classmate-1.3.3.jar!/com/], URL [jar:file:/Users/jigarthakkar/.m2/repository/com/jayway/jsonpath/json-path/2.2.0/json-path-2.2.0.jar!/com/], URL [jar:file:/Users/jigarthakkar/.m2/repository/com/fasterxml/jackson/core/jackson-core/2.9.5/jackson-core-2.9.5.jar!/com/], URL [jar:file:/Users/jigarthakkar/.m2/repository/com/fasterxml/jackson/core/jackson-databind/2.9.5/jackson-databind-2.9.5.jar!/com/], URL [jar:file:/Users/jigarthakkar/.m2/repository/com/fasterxml/jackson/core/jackson-annotations/2.9.5/jackson-annotations-2.9.5.jar!/com/]]
19:37:14.424 [main] DEBUG org.springframework.core.io.support.PathMatchingResourcePatternResolver - Looking for matching resources in jar file [file:/System/Library/Java/Extensions/MRJToolkit.jar]
19:37:14.426 [main] DEBUG org.springframework.core.io.support.PathMatchingResourcePatternResolver - Looking for matching resources in directory tree [/Users/jigarthakkar/Documents/Code/Eclipse/IBMF_AMFI/target/test-classes/com]
19:37:14.427 [main] DEBUG org.springframework.core.io.support.PathMatchingResourcePatternResolver - Searching directory [/Users/jigarthakkar/Documents/Code/Eclipse/IBMF_AMFI/target/test-classes/com] for files matching pattern [/Users/jigarthakkar/Documents/Code/Eclipse/IBMF_AMFI/target/test-classes/com/*.class]
19:37:14.430 [main] DEBUG org.springframework.core.io.support.PathMatchingResourcePatternResolver - Looking for matching resources in directory tree [/Users/jigarthakkar/Documents/Code/Eclipse/IBMF_AMFI/target/classes/com]
19:37:14.431 [main] DEBUG org.springframework.core.io.support.PathMatchingResourcePatternResolver - Searching directory [/Users/jigarthakkar/Documents/Code/Eclipse/IBMF_AMFI/target/classes/com] for files matching pattern [/Users/jigarthakkar/Documents/Code/Eclipse/IBMF_AMFI/target/classes/com/*.class]
19:37:14.432 [main] DEBUG org.springframework.core.io.support.PathMatchingResourcePatternResolver - Looking for matching resources in jar file [file:/Users/jigarthakkar/.m2/repository/com/fasterxml/classmate/1.3.3/classmate-1.3.3.jar]
19:37:14.435 [main] DEBUG org.springframework.core.io.support.PathMatchingResourcePatternResolver - Looking for matching resources in jar file [file:/Users/jigarthakkar/.m2/repository/com/jayway/jsonpath/json-path/2.2.0/json-path-2.2.0.jar]
19:37:14.442 [main] DEBUG org.springframework.core.io.support.PathMatchingResourcePatternResolver - Looking for matching resources in jar file [file:/Users/jigarthakkar/.m2/repository/com/fasterxml/jackson/core/jackson-core/2.9.5/jackson-core-2.9.5.jar]
19:37:14.447 [main] DEBUG org.springframework.core.io.support.PathMatchingResourcePatternResolver - Looking for matching resources in jar file [file:/Users/jigarthakkar/.m2/repository/com/fasterxml/jackson/core/jackson-databind/2.9.5/jackson-databind-2.9.5.jar]
19:37:14.474 [main] DEBUG org.springframework.core.io.support.PathMatchingResourcePatternResolver - Looking for matching resources in jar file [file:/Users/jigarthakkar/.m2/repository/com/fasterxml/jackson/core/jackson-annotations/2.9.5/jackson-annotations-2.9.5.jar]
19:37:14.475 [main] DEBUG org.springframework.core.io.support.PathMatchingResourcePatternResolver - Resolved location pattern [classpath*:com/*.class] to resources []
19:37:14.488 [main] DEBUG org.springframework.test.context.junit4.SpringJUnit4ClassRunner - SpringJUnit4ClassRunner constructor called with [class com.example.demo.BootDemoApplicationTests]
19:37:14.491 [main] DEBUG org.springframework.test.context.BootstrapUtils - Instantiating CacheAwareContextLoaderDelegate from class [org.springframework.test.context.cache.DefaultCacheAwareContextLoaderDelegate]
19:37:14.491 [main] DEBUG org.springframework.test.context.BootstrapUtils - Instantiating BootstrapContext using constructor [public org.springframework.test.context.support.DefaultBootstrapContext(java.lang.Class,org.springframework.test.context.CacheAwareContextLoaderDelegate)]
19:37:14.494 [main] DEBUG org.springframework.test.context.BootstrapUtils - Instantiating TestContextBootstrapper for test class [com.example.demo.BootDemoApplicationTests] from class [org.springframework.boot.test.context.SpringBootTestContextBootstrapper]
19:37:14.495 [main] INFO org.springframework.boot.test.context.SpringBootTestContextBootstrapper - Neither @ContextConfiguration nor @ContextHierarchy found for test class [com.example.demo.BootDemoApplicationTests], using SpringBootContextLoader
19:37:14.497 [main] DEBUG org.springframework.test.context.support.AbstractContextLoader - Did not detect default resource location for test class [com.example.demo.BootDemoApplicationTests]: class path resource [com/example/demo/BootDemoApplicationTests-context.xml] does not exist
19:37:14.498 [main] DEBUG org.springframework.test.context.support.AbstractContextLoader - Did not detect default resource location for test class [com.example.demo.BootDemoApplicationTests]: class path resource [com/example/demo/BootDemoApplicationTestsContext.groovy] does not exist
19:37:14.498 [main] INFO org.springframework.test.context.support.AbstractContextLoader - Could not detect default resource locations for test class [com.example.demo.BootDemoApplicationTests]: no resource found for suffixes {-context.xml, Context.groovy}.
19:37:14.499 [main] INFO org.springframework.test.context.support.AnnotationConfigContextLoaderUtils - Could not detect default configuration classes for test class [com.example.demo.BootDemoApplicationTests]: BootDemoApplicationTests does not declare any static, non-private, non-final, nested classes annotated with @Configuration.
19:37:14.522 [main] DEBUG org.springframework.test.context.support.ActiveProfilesUtils - Could not find an 'annotation declaring class' for annotation type [org.springframework.test.context.ActiveProfiles] and class [com.example.demo.BootDemoApplicationTests]
19:37:14.526 [main] DEBUG org.springframework.core.env.StandardEnvironment - Adding [systemProperties] PropertySource with lowest search precedence
19:37:14.526 [main] DEBUG org.springframework.core.env.StandardEnvironment - Adding [systemEnvironment] PropertySource with lowest search precedence
19:37:14.527 [main] DEBUG org.springframework.core.env.StandardEnvironment - Initialized StandardEnvironment with PropertySources [systemProperties,systemEnvironment]
19:37:14.530 [main] DEBUG org.springframework.core.io.support.PathMatchingResourcePatternResolver - Resolved classpath location [com/example/demo/] to resources [URL [file:/Users/jigarthakkar/Documents/Code/Eclipse/IBMF_AMFI/target/test-classes/com/example/demo/]]
19:37:14.530 [main] DEBUG org.springframework.core.io.support.PathMatchingResourcePatternResolver - Looking for matching resources in directory tree [/Users/jigarthakkar/Documents/Code/Eclipse/IBMF_AMFI/target/test-classes/com/example/demo]
19:37:14.530 [main] DEBUG org.springframework.core.io.support.PathMatchingResourcePatternResolver - Searching directory [/Users/jigarthakkar/Documents/Code/Eclipse/IBMF_AMFI/target/test-classes/com/example/demo] for files matching pattern [/Users/jigarthakkar/Documents/Code/Eclipse/IBMF_AMFI/target/test-classes/com/example/demo/*.class]
19:37:14.535 [main] DEBUG org.springframework.core.io.support.PathMatchingResourcePatternResolver - Resolved location pattern [classpath*:com/example/demo/*.class] to resources [file [/Users/jigarthakkar/Documents/Code/Eclipse/IBMF_AMFI/target/test-classes/com/example/demo/BootDemoApplicationTests.class]]
19:37:14.559 [main] DEBUG org.springframework.core.io.support.PathMatchingResourcePatternResolver - Resolved classpath location [com/example/] to resources [URL [file:/Users/jigarthakkar/Documents/Code/Eclipse/IBMF_AMFI/target/test-classes/com/example/]]
19:37:14.559 [main] DEBUG org.springframework.core.io.support.PathMatchingResourcePatternResolver - Looking for matching resources in directory tree [/Users/jigarthakkar/Documents/Code/Eclipse/IBMF_AMFI/target/test-classes/com/example]
19:37:14.562 [main] DEBUG org.springframework.core.io.support.PathMatchingResourcePatternResolver - Searching directory [/Users/jigarthakkar/Documents/Code/Eclipse/IBMF_AMFI/target/test-classes/com/example] for files matching pattern [/Users/jigarthakkar/Documents/Code/Eclipse/IBMF_AMFI/target/test-classes/com/example/*.class]
19:37:14.564 [main] DEBUG org.springframework.core.io.support.PathMatchingResourcePatternResolver - Resolved location pattern [classpath*:com/example/*.class] to resources []
19:37:14.574 [main] DEBUG org.springframework.core.io.support.PathMatchingResourcePatternResolver - Resolved classpath location [com/] to resources [URL [jar:file:/System/Library/Java/Extensions/MRJToolkit.jar!/com/], URL [file:/Users/jigarthakkar/Documents/Code/Eclipse/IBMF_AMFI/target/test-classes/com/], URL [file:/Users/jigarthakkar/Documents/Code/Eclipse/IBMF_AMFI/target/classes/com/], URL [jar:file:/Users/jigarthakkar/.m2/repository/com/fasterxml/classmate/1.3.3/classmate-1.3.3.jar!/com/], URL [jar:file:/Users/jigarthakkar/.m2/repository/com/jayway/jsonpath/json-path/2.2.0/json-path-2.2.0.jar!/com/], URL [jar:file:/Users/jigarthakkar/.m2/repository/com/fasterxml/jackson/core/jackson-core/2.9.5/jackson-core-2.9.5.jar!/com/], URL [jar:file:/Users/jigarthakkar/.m2/repository/com/fasterxml/jackson/core/jackson-databind/2.9.5/jackson-databind-2.9.5.jar!/com/], URL [jar:file:/Users/jigarthakkar/.m2/repository/com/fasterxml/jackson/core/jackson-annotations/2.9.5/jackson-annotations-2.9.5.jar!/com/]]
19:37:14.585 [main] DEBUG org.springframework.core.io.support.PathMatchingResourcePatternResolver - Looking for matching resources in jar file [file:/System/Library/Java/Extensions/MRJToolkit.jar]
19:37:14.587 [main] DEBUG org.springframework.core.io.support.PathMatchingResourcePatternResolver - Looking for matching resources in directory tree [/Users/jigarthakkar/Documents/Code/Eclipse/IBMF_AMFI/target/test-classes/com]
19:37:14.589 [main] DEBUG org.springframework.core.io.support.PathMatchingResourcePatternResolver - Searching directory [/Users/jigarthakkar/Documents/Code/Eclipse/IBMF_AMFI/target/test-classes/com] for files matching pattern [/Users/jigarthakkar/Documents/Code/Eclipse/IBMF_AMFI/target/test-classes/com/*.class]
19:37:14.602 [main] DEBUG org.springframework.core.io.support.PathMatchingResourcePatternResolver - Looking for matching resources in directory tree [/Users/jigarthakkar/Documents/Code/Eclipse/IBMF_AMFI/target/classes/com]
19:37:14.604 [main] DEBUG org.springframework.core.io.support.PathMatchingResourcePatternResolver - Searching directory [/Users/jigarthakkar/Documents/Code/Eclipse/IBMF_AMFI/target/classes/com] for files matching pattern [/Users/jigarthakkar/Documents/Code/Eclipse/IBMF_AMFI/target/classes/com/*.class]
19:37:14.607 [main] DEBUG org.springframework.core.io.support.PathMatchingResourcePatternResolver - Looking for matching resources in jar file [file:/Users/jigarthakkar/.m2/repository/com/fasterxml/classmate/1.3.3/classmate-1.3.3.jar]
19:37:14.608 [main] DEBUG org.springframework.core.io.support.PathMatchingResourcePatternResolver - Looking for matching resources in jar file [file:/Users/jigarthakkar/.m2/repository/com/jayway/jsonpath/json-path/2.2.0/json-path-2.2.0.jar]
19:37:14.612 [main] DEBUG org.springframework.core.io.support.PathMatchingResourcePatternResolver - Looking for matching resources in jar file [file:/Users/jigarthakkar/.m2/repository/com/fasterxml/jackson/core/jackson-core/2.9.5/jackson-core-2.9.5.jar]
19:37:14.629 [main] DEBUG org.springframework.core.io.support.PathMatchingResourcePatternResolver - Looking for matching resources in jar file [file:/Users/jigarthakkar/.m2/repository/com/fasterxml/jackson/core/jackson-databind/2.9.5/jackson-databind-2.9.5.jar]
19:37:14.643 [main] DEBUG org.springframework.core.io.support.PathMatchingResourcePatternResolver - Looking for matching resources in jar file [file:/Users/jigarthakkar/.m2/repository/com/fasterxml/jackson/core/jackson-annotations/2.9.5/jackson-annotations-2.9.5.jar]
19:37:14.644 [main] DEBUG org.springframework.core.io.support.PathMatchingResourcePatternResolver - Resolved location pattern [classpath*:com/*.class] to resources []
]]></system-out>
  </testcase>
</testsuite>